Performing C SOURCE FILE Test CMAKE_HAVE_LIBC_PTHREAD failed with the following output:
Change Dir: /home/zhanglei/Cart/cartographer_ws/src/cartographer/cmake-build-release/CMakeFiles/CMakeTmp

Run Build Command(s):/snap/clion/209/bin/ninja/linux/ninja cmTC_d0725 && [1/2] Building C object CMakeFiles/cmTC_d0725.dir/src.c.o
[2/2] Linking C executable cmTC_d0725
FAILED: cmTC_d0725 
: && /usr/bin/cc  -rdynamic CMakeFiles/cmTC_d0725.dir/src.c.o -o cmTC_d0725   && :
CMakeFiles/cmTC_d0725.dir/src.c.o: In function `main':
src.c:(.text+0x3e): undefined reference to `pthread_create'
src.c:(.text+0x4a): undefined reference to `pthread_detach'
src.c:(.text+0x56): undefined reference to `pthread_cancel'
src.c:(.text+0x67): undefined reference to `pthread_join'
src.c:(.text+0x7b): undefined reference to `pthread_atfork'
collect2: error: ld returned 1 exit status
ninja: build stopped: subcommand failed.


Source file was:
#include <pthread.h>

static void* test_func(void* data)
{
  return data;
}

int main(void)
{
  pthread_t thread;
  pthread_create(&thread, NULL, test_func, NULL);
  pthread_detach(thread);
  pthread_cancel(thread);
  pthread_join(thread, NULL);
  pthread_atfork(NULL, NULL, NULL);
  pthread_exit(NULL);

  return 0;
}

Determining if the function pthread_create exists in the pthreads failed with the following output:
Change Dir: /home/zhanglei/Cart/cartographer_ws/src/cartographer/cmake-build-release/CMakeFiles/CMakeTmp

Run Build Command(s):/snap/clion/209/bin/ninja/linux/ninja cmTC_407d6 && [1/2] Building C object CMakeFiles/cmTC_407d6.dir/CheckFunctionExists.c.o
[2/2] Linking C executable cmTC_407d6
FAILED: cmTC_407d6 
: && /usr/bin/cc -DCHECK_FUNCTION_EXISTS=pthread_create -rdynamic CMakeFiles/cmTC_407d6.dir/CheckFunctionExists.c.o -o cmTC_407d6  -lpthreads && :
/usr/bin/ld: cannot find -lpthreads
collect2: error: ld returned 1 exit status
ninja: build stopped: subcommand failed.



